<?xml version="1.0" encoding="UTF-8"?>
<testsuite name="com.vncccd.sdk.nfc.DG13ParserTest" tests="5" skipped="0" failures="0" errors="0" timestamp="2026-08-11T09:03:17" hostname="Timas-Mac-Pro.local" time="0.033">
  <properties/>
  <testcase name="parse - fallback extracts 12 digit ID" classname="com.vncccd.sdk.nfc.DG13ParserTest" time="0.019"/>
  <testcase name="parse - Vietnamese UTF-8 text" classname="com.vncccd.sdk.nfc.DG13ParserTest" time="0.009"/>
  <testcase name="parse - empty bytes returns null" classname="com.vncccd.sdk.nfc.DG13ParserTest" time="0.001"/>
  <testcase name="parse - text with double pipe separator" classname="com.vncccd.sdk.nfc.DG13ParserTest" time="0.001"/>
  <testcase name="parse - text-based format with pipe separator" classname="com.vncccd.sdk.nfc.DG13ParserTest" time="0.002"/>
  <system-out><![CDATA[]]></system-out>
  <system-err><![CDATA[]]></system-err>
</testsuite>
