<?xml version="1.0" encoding="UTF-8"?>
<testsuite name="com.vncccd.sdk.mrz.MrzLineExtractorTest" tests="5" skipped="0" failures="0" errors="0" timestamp="2026-08-11T09:03:16" hostname="Timas-Mac-Pro.local" time="0.005">
  <properties/>
  <testcase name="ghep cac manh cung mot dong theo toa do x" classname="com.vncccd.sdk.mrz.MrzLineExtractorTest" time="0.003"/>
  <testcase name="bo qua manh rong va tra ve rong khi khong co gi" classname="com.vncccd.sdk.mrz.MrzLineExtractorTest" time="0.001"/>
  <testcase name="khoang trang trong tung manh bi cat bo khi ghep" classname="com.vncccd.sdk.mrz.MrzLineExtractorTest" time="0.0"/>
  <testcase name="lech y nho trong cung mot dong khong bi tach ra" classname="com.vncccd.sdk.mrz.MrzLineExtractorTest" time="0.001"/>
  <testcase name="tach dung 3 dong MRZ theo toa do y" classname="com.vncccd.sdk.mrz.MrzLineExtractorTest" time="0.0"/>
  <system-out><![CDATA[]]></system-out>
  <system-err><![CDATA[]]></system-err>
</testsuite>
