<?xml version="1.0" encoding="UTF-8"?>
<testsuite name="com.vncccd.sdk.mrz.MrzFrameAggregatorTest" tests="8" skipped="0" failures="0" errors="0" timestamp="2026-08-11T09:03:16" hostname="Timas-Mac-Pro.local" time="0.058">
  <properties/>
  <testcase name="frame hoan hao duoc chap nhan ngay lap tuc" classname="com.vncccd.sdk.mrz.MrzFrameAggregatorTest" time="0.047"/>
  <testcase name="fixture weak parse duoc nhung khong du manh" classname="com.vncccd.sdk.mrz.MrzFrameAggregatorTest" time="0.001"/>
  <testcase name="bau chon da so sua duoc loi OCR nhap nhay" classname="com.vncccd.sdk.mrz.MrzFrameAggregatorTest" time="0.004"/>
  <testcase name="frame hoan hao xen giua cac frame yeu van duoc uu tien" classname="com.vncccd.sdk.mrz.MrzFrameAggregatorTest" time="0.001"/>
  <testcase name="bo qua candidate khong du 3 dong" classname="com.vncccd.sdk.mrz.MrzFrameAggregatorTest" time="0.0"/>
  <testcase name="hoa phieu uu tien frame moi nhat" classname="com.vncccd.sdk.mrz.MrzFrameAggregatorTest" time="0.0"/>
  <testcase name="reset xoa sach lich su bau chon" classname="com.vncccd.sdk.mrz.MrzFrameAggregatorTest" time="0.001"/>
  <testcase name="van giu quy tac cu N frame giong het nhau" classname="com.vncccd.sdk.mrz.MrzFrameAggregatorTest" time="0.001"/>
  <system-out><![CDATA[]]></system-out>
  <system-err><![CDATA[]]></system-err>
</testsuite>
